2018-08-06 14:54:19,249 [9] INFO  LoggingDemo.Program    this is info
2018-08-06 14:54:19,257 [9] DEBUG LoggingDemo.Program    This is Debug
2018-08-06 14:54:19,257 [9] WARN  LoggingDemo.Program    This is warning
2018-08-06 14:54:19,258 [9] ERROR LoggingDemo.Program    This is error
2018-08-06 14:54:19,258 [9] FATAL LoggingDemo.Program    This is Fatal msg
2018-08-06 14:54:19,264 [9] INFO  LoggingDemo.CustomClass    this is info
2018-08-06 14:54:19,264 [9] DEBUG LoggingDemo.CustomClass    This is Debug
2018-08-06 14:54:19,264 [9] WARN  LoggingDemo.CustomClass    This is warning
2018-08-06 14:54:19,265 [9] ERROR LoggingDemo.CustomClass    This is error
2018-08-06 14:54:19,265 [9] FATAL LoggingDemo.CustomClass    This is Fatal msg
2018-08-06 14:54:40,420 [10] INFO  LoggingDemo.Program    this is info
2018-08-06 14:54:40,428 [10] DEBUG LoggingDemo.Program    This is Debug
2018-08-06 14:54:40,430 [10] WARN  LoggingDemo.Program    This is warning
2018-08-06 14:54:40,431 [10] ERROR LoggingDemo.Program    This is error
2018-08-06 14:54:40,431 [10] FATAL LoggingDemo.Program    This is Fatal msg
2018-08-06 14:54:40,437 [10] INFO  LoggingDemo.CustomClass    this is info
2018-08-06 14:54:40,438 [10] DEBUG LoggingDemo.CustomClass    This is Debug
2018-08-06 14:54:40,438 [10] WARN  LoggingDemo.CustomClass    This is warning
2018-08-06 14:54:40,439 [10] ERROR LoggingDemo.CustomClass    This is error
2018-08-06 14:54:40,440 [10] FATAL LoggingDemo.CustomClass    This is Fatal msg
2018-08-06 14:54:59,920 [10] INFO  LoggingDemo.Program    this is info
2018-08-06 14:54:59,927 [10] DEBUG LoggingDemo.Program    This is Debug
2018-08-06 14:54:59,930 [10] WARN  LoggingDemo.Program    This is warning
2018-08-06 14:54:59,930 [10] ERROR LoggingDemo.Program    This is error
2018-08-06 14:54:59,931 [10] FATAL LoggingDemo.Program    This is Fatal msg
2018-08-06 14:54:59,936 [10] INFO  LoggingDemo.CustomClass    this is info
2018-08-06 14:54:59,936 [10] DEBUG LoggingDemo.CustomClass    This is Debug
2018-08-06 14:54:59,937 [10] WARN  LoggingDemo.CustomClass    This is warning
2018-08-06 14:54:59,937 [10] ERROR LoggingDemo.CustomClass    This is error
2018-08-06 14:54:59,938 [10] FATAL LoggingDemo.CustomClass    This is Fatal msg
